[slf5s.start]26 Jul 2001 15:54:44,673[slf5s.DATE]
DEBUG[slf5s.PRIORITY]
[slf5s.NDC]
main[slf5s.THREAD]
examples.InitUsingMultipleAppenders.InitUsingMultipleAppenders[slf5s.CATEGORY]
examples.InitUsingMultipleAppenders.InitUsingMultipleAppenders.main(InitUsingMultipleAppenders.java:102)[slf5s.LOCATION]
Hello, my name is Homer Simpson.[slf5s.MESSAGE]

[slf5s.start]26 Jul 2001 15:54:44,743[slf5s.DATE]
DEBUG[slf5s.PRIORITY]
[slf5s.NDC]
main[slf5s.THREAD]
examples.InitUsingMultipleAppenders.InitUsingMultipleAppenders[slf5s.CATEGORY]
examples.InitUsingMultipleAppenders.InitUsingMultipleAppenders.main(InitUsingMultipleAppenders.java:103)[slf5s.LOCATION]
Hello, my name is Lisa Simpson.[slf5s.MESSAGE]

[slf5s.start]26 Jul 2001 15:54:44,743[slf5s.DATE]
DEBUG[slf5s.PRIORITY]
[slf5s.NDC]
main[slf5s.THREAD]
examples.InitUsingMultipleAppenders.InitUsingMultipleAppenders[slf5s.CATEGORY]
examples.InitUsingMultipleAppenders.InitUsingMultipleAppenders.main(InitUsingMultipleAppenders.java:104)[slf5s.LOCATION]
Hello, my name is Marge Simpson.[slf5s.MESSAGE]

[slf5s.start]26 Jul 2001 15:54:44,753[slf5s.DATE]
DEBUG[slf5s.PRIORITY]
[slf5s.NDC]
main[slf5s.THREAD]
examples.InitUsingMultipleAppenders.InitUsingMultipleAppenders[slf5s.CATEGORY]
examples.InitUsingMultipleAppenders.InitUsingMultipleAppenders.main(InitUsingMultipleAppenders.java:105)[slf5s.LOCATION]
Hello, my name is Bart Simpson.[slf5s.MESSAGE]

[slf5s.start]26 Jul 2001 15:54:44,793[slf5s.DATE]
DEBUG[slf5s.PRIORITY]
[slf5s.NDC]
main[slf5s.THREAD]
examples.InitUsingMultipleAppenders.InitUsingMultipleAppenders[slf5s.CATEGORY]
examples.InitUsingMultipleAppenders.InitUsingMultipleAppenders.main(InitUsingMultipleAppenders.java:106)[slf5s.LOCATION]
Hello, my name is Maggie Simpson.[slf5s.MESSAGE]

[slf5s.start]26 Jul 2001 15:54:44,793[slf5s.DATE]
INFO[slf5s.PRIORITY]
[slf5s.NDC]
main[slf5s.THREAD]
examples.InitUsingMultipleAppenders.InitUsingMultipleAppenders[slf5s.CATEGORY]
examples.InitUsingMultipleAppenders.InitUsingMultipleAppenders.main(InitUsingMultipleAppenders.java:108)[slf5s.LOCATION]
We are the Simpsons![slf5s.MESSAGE]

[slf5s.start]26 Jul 2001 15:54:44,803[slf5s.DATE]
INFO[slf5s.PRIORITY]
[slf5s.NDC]
main[slf5s.THREAD]
examples.InitUsingMultipleAppenders.InitUsingMultipleAppenders[slf5s.CATEGORY]
examples.InitUsingMultipleAppenders.InitUsingMultipleAppenders.main(InitUsingMultipleAppenders.java:109)[slf5s.LOCATION]
Mmmmmm .... Chocolate.[slf5s.MESSAGE]

[slf5s.start]26 Jul 2001 15:54:44,803[slf5s.DATE]
INFO[slf5s.PRIORITY]
[slf5s.NDC]
main[slf5s.THREAD]
examples.InitUsingMultipleAppenders.InitUsingMultipleAppenders[slf5s.CATEGORY]
examples.InitUsingMultipleAppenders.InitUsingMultipleAppenders.main(InitUsingMultipleAppenders.java:110)[slf5s.LOCATION]
Homer likes chocolate[slf5s.MESSAGE]

[slf5s.start]26 Jul 2001 15:54:44,803[slf5s.DATE]
INFO[slf5s.PRIORITY]
[slf5s.NDC]
main[slf5s.THREAD]
examples.InitUsingMultipleAppenders.InitUsingMultipleAppenders[slf5s.CATEGORY]
examples.InitUsingMultipleAppenders.InitUsingMultipleAppenders.main(InitUsingMultipleAppenders.java:111)[slf5s.LOCATION]
Doh![slf5s.MESSAGE]

[slf5s.start]26 Jul 2001 15:54:44,803[slf5s.DATE]
INFO[slf5s.PRIORITY]
[slf5s.NDC]
main[slf5s.THREAD]
examples.InitUsingMultipleAppenders.InitUsingMultipleAppenders[slf5s.CATEGORY]
examples.InitUsingMultipleAppenders.InitUsingMultipleAppenders.main(InitUsingMultipleAppenders.java:112)[slf5s.LOCATION]
We are the Simpsons![slf5s.MESSAGE]

[slf5s.start]26 Jul 2001 15:54:44,803[slf5s.DATE]
WARN[slf5s.PRIORITY]
[slf5s.NDC]
main[slf5s.THREAD]
examples.InitUsingMultipleAppenders.InitUsingMultipleAppenders[slf5s.CATEGORY]
examples.InitUsingMultipleAppenders.InitUsingMultipleAppenders.main(InitUsingMultipleAppenders.java:114)[slf5s.LOCATION]
Bart: I am through with working! Working is for chumps!Homer: Son, I'm proud of you. I was twice your age before I figured that out.[slf5s.MESSAGE]

[slf5s.start]26 Jul 2001 15:54:44,803[slf5s.DATE]
WARN[slf5s.PRIORITY]
[slf5s.NDC]
main[slf5s.THREAD]
examples.InitUsingMultipleAppenders.InitUsingMultipleAppenders[slf5s.CATEGORY]
examples.InitUsingMultipleAppenders.InitUsingMultipleAppenders.main(InitUsingMultipleAppenders.java:117)[slf5s.LOCATION]
Mmm...forbidden donut.[slf5s.MESSAGE]

[slf5s.start]26 Jul 2001 15:54:44,803[slf5s.DATE]
WARN[slf5s.PRIORITY]
[slf5s.NDC]
main[slf5s.THREAD]
examples.InitUsingMultipleAppenders.InitUsingMultipleAppenders[slf5s.CATEGORY]
examples.InitUsingMultipleAppenders.InitUsingMultipleAppenders.main(InitUsingMultipleAppenders.java:118)[slf5s.LOCATION]
D'oh! A deer! A female deer![slf5s.MESSAGE]

[slf5s.start]26 Jul 2001 15:54:44,803[slf5s.DATE]
WARN[slf5s.PRIORITY]
[slf5s.NDC]
main[slf5s.THREAD]
examples.InitUsingMultipleAppenders.InitUsingMultipleAppenders[slf5s.CATEGORY]
examples.InitUsingMultipleAppenders.InitUsingMultipleAppenders.main(InitUsingMultipleAppenders.java:119)[slf5s.LOCATION]
Truly, yours is a butt that won't quit.- Bart, writing as Woodrow to Ms. Krabappel.[slf5s.MESSAGE]

[slf5s.start]26 Jul 2001 15:54:44,803[slf5s.DATE]
ERROR[slf5s.PRIORITY]
[slf5s.NDC]
main[slf5s.THREAD]
examples.InitUsingMultipleAppenders.InitUsingMultipleAppenders[slf5s.CATEGORY]
examples.InitUsingMultipleAppenders.InitUsingMultipleAppenders.main(InitUsingMultipleAppenders.java:122)[slf5s.LOCATION]
Dear Baby, Welcome to Dumpsville. Population: you.[slf5s.MESSAGE]

[slf5s.start]26 Jul 2001 15:54:44,903[slf5s.DATE]
ERROR[slf5s.PRIORITY]
[slf5s.NDC]
main[slf5s.THREAD]
examples.InitUsingMultipleAppenders.InitUsingMultipleAppenders[slf5s.CATEGORY]
examples.InitUsingMultipleAppenders.InitUsingMultipleAppenders.main(InitUsingMultipleAppenders.java:123)[slf5s.LOCATION]
Dear Baby, Welcome to Dumpsville. Population: you.[slf5s.MESSAGE]

java.io.IOException: Dumpsville, USA
	at examples.InitUsingMultipleAppenders.InitUsingMultipleAppenders.main(InitUsingMultipleAppenders.java:123)
[slf5s.start]26 Jul 2001 15:54:44,903[slf5s.DATE]
ERROR[slf5s.PRIORITY]
[slf5s.NDC]
main[slf5s.THREAD]
examples.InitUsingMultipleAppenders.InitUsingMultipleAppenders[slf5s.CATEGORY]
examples.InitUsingMultipleAppenders.InitUsingMultipleAppenders.main(InitUsingMultipleAppenders.java:125)[slf5s.LOCATION]
Mr. Hutz, are you aware you're not wearing pants?[slf5s.MESSAGE]

[slf5s.start]26 Jul 2001 15:54:44,903[slf5s.DATE]
ERROR[slf5s.PRIORITY]
[slf5s.NDC]
main[slf5s.THREAD]
examples.InitUsingMultipleAppenders.InitUsingMultipleAppenders[slf5s.CATEGORY]
examples.InitUsingMultipleAppenders.InitUsingMultipleAppenders.main(InitUsingMultipleAppenders.java:126)[slf5s.LOCATION]
Mr. Hutz, are you aware you're not wearing pants?[slf5s.MESSAGE]

java.lang.IllegalStateException: Error !!
	at examples.InitUsingMultipleAppenders.InitUsingMultipleAppenders.main(InitUsingMultipleAppenders.java:126)
[slf5s.start]26 Jul 2001 15:54:44,903[slf5s.DATE]
FATAL[slf5s.PRIORITY]
[slf5s.NDC]
main[slf5s.THREAD]
examples.InitUsingMultipleAppenders.InitUsingMultipleAppenders[slf5s.CATEGORY]
examples.InitUsingMultipleAppenders.InitUsingMultipleAppenders.main(InitUsingMultipleAppenders.java:130)[slf5s.LOCATION]
Eep.[slf5s.MESSAGE]

[slf5s.start]26 Jul 2001 15:54:45,063[slf5s.DATE]
FATAL[slf5s.PRIORITY]
[slf5s.NDC]
main[slf5s.THREAD]
examples.InitUsingMultipleAppenders.InitUsingMultipleAppenders[slf5s.CATEGORY]
examples.InitUsingMultipleAppenders.InitUsingMultipleAppenders.main(InitUsingMultipleAppenders.java:131)[slf5s.LOCATION]
Mmm...forbidden donut.[slf5s.MESSAGE]

java.lang.SecurityException: Fatal Exception
	at examples.InitUsingMultipleAppenders.InitUsingMultipleAppenders.main(InitUsingMultipleAppenders.java:131)
[slf5s.start]26 Jul 2001 15:54:45,063[slf5s.DATE]
FATAL[slf5s.PRIORITY]
[slf5s.NDC]
main[slf5s.THREAD]
examples.InitUsingMultipleAppenders.InitUsingMultipleAppenders[slf5s.CATEGORY]
examples.InitUsingMultipleAppenders.InitUsingMultipleAppenders.main(InitUsingMultipleAppenders.java:133)[slf5s.LOCATION]
D'oh! A deer! A female deer![slf5s.MESSAGE]

[slf5s.start]26 Jul 2001 15:54:45,063[slf5s.DATE]
FATAL[slf5s.PRIORITY]
[slf5s.NDC]
main[slf5s.THREAD]
examples.InitUsingMultipleAppenders.InitUsingMultipleAppenders[slf5s.CATEGORY]
examples.InitUsingMultipleAppenders.InitUsingMultipleAppenders.main(InitUsingMultipleAppenders.java:134)[slf5s.LOCATION]
Mmmmmm .... Chocolate.[slf5s.MESSAGE]

java.lang.SecurityException: Fatal Exception
	at examples.InitUsingMultipleAppenders.InitUsingMultipleAppenders.main(InitUsingMultipleAppenders.java:134)
